2026-06-26 08:45:26,850 - INFO - Config: configs/consistency_16gb.yaml
2026-06-26 08:45:26,850 - INFO - Method: consistency
2026-06-26 08:45:26,989 - INFO - Device: cuda
2026-06-26 08:45:28,556 - INFO - Train: 51886 QA pairs, 7600 OCR images
2026-06-26 08:45:28,739 - INFO - Dev: 6426 QA pairs, 950 OCR images
2026-06-26 08:45:28,916 - INFO - Test: 6500 QA pairs, 950 OCR images
2026-06-26 08:45:32,420 - INFO - Tokenizer: VietAI/vit5-base
2026-06-26 08:47:39,630 - INFO - Train samples: 51886 paired clean/noisy
2026-06-26 08:47:39,630 - INFO - Train batches: 12972
2026-06-26 08:48:19,766 - INFO - Trainable params: 225,950,976
2026-06-26 08:48:19,767 - INFO - ============================================================
2026-06-26 08:48:19,767 - INFO - TRAINING: Consistency Only
2026-06-26 08:48:19,767 - INFO - ============================================================
2026-06-26 08:48:19,768 - INFO - 
Epoch 1/3
2026-06-26 08:48:19,768 - INFO - ------------------------------------------------------------
2026-06-26 10:17:11,229 - INFO - Dev ANLS: 0.7868
2026-06-26 10:17:12,118 - INFO - Best model saved (ANLS: 0.7868)
2026-06-26 10:17:12,118 - INFO - 
Epoch 2/3
2026-06-26 10:17:12,118 - INFO - ------------------------------------------------------------
2026-06-26 11:46:47,098 - INFO - Dev ANLS: 0.8110
2026-06-26 11:46:48,090 - INFO - Best model saved (ANLS: 0.8110)
2026-06-26 11:46:48,090 - INFO - 
Epoch 3/3
2026-06-26 11:46:48,090 - INFO - ------------------------------------------------------------
2026-06-26 13:15:51,375 - INFO - Dev ANLS: 0.8310
2026-06-26 13:15:52,404 - INFO - Best model saved (ANLS: 0.8310)
2026-06-26 13:15:52,404 - INFO - 
Best Dev ANLS: 0.8310
2026-06-26 13:15:52,404 - INFO - Skipping final test/noise evaluation; flow runner handles it.
